<?xml version="1.0" encoding="UTF-8"?>
<!-- Generated by org.testng.reporters.JUnitXMLReporter -->
<testsuite hostname="LAPTOP-ANH0CLBI" ignored="1" name="Default test" tests="1" failures="0" timestamp="07 Mar 2018 23:55:33 GMT" time="5.158" errors="0">
  <testcase name="getAllForum" time="5.092" classname="com.astrofitness.testng.TestForum"/>
  <testcase name="insertForumRecord" time="0.0" classname="com.astrofitness.testng.TestForum">
    <ignored/>
  </testcase> <!-- insertForumRecord -->
</testsuite> <!-- Default test -->
