<?xml version="1.0" encoding="UTF-8"?>
<!-- Generated by org.testng.reporters.JUnitXMLReporter -->
<testsuite hostname="LAPTOP-ANH0CLBI" ignored="0" name="Default test" tests="3" failures="0" timestamp="05 Mar 2018 21:39:15 GMT" time="12.157" errors="0">
  <testcase name="existsGetAllTrainersFromGym" time="12.008" classname="com.astrofitness.testing.Testing"/>
  <testcase name="test2" time="0.005" classname="com.astrofitness.testing.Testing"/>
  <testcase name="foundTrainerInGym" time="0.038" classname="com.astrofitness.testing.Testing"/>
</testsuite> <!-- Default test -->
