<?xml version="1.0" encoding="UTF-8"?>
<!-- Generated by org.testng.reporters.JUnitXMLReporter -->
<testsuite hostname="DESKTOP-GSHCJC7" ignored="5" tests="0" failures="0" timestamp="10 Mar 2018 08:42:13 GMT" time="0.027" errors="0">
  <testcase name="insertGym" time="0.0" classname="com.astrofitness.testing.Testing">
    <ignored/>
  </testcase> <!-- insertGym -->
  <testcase name="foundTrainerInGym" time="0.0" classname="com.astrofitness.testing.Testing">
    <ignored/>
  </testcase> <!-- foundTrainerInGym -->
  <testcase name="existsGetAllTrainersFromGym" time="0.0" classname="com.astrofitness.testing.Testing">
    <ignored/>
  </testcase> <!-- existsGetAllTrainersFromGym -->
  <testcase name="insertClient" time="0.0" classname="com.astrofitness.testing.Testing">
    <ignored/>
  </testcase> <!-- insertClient -->
  <testcase name="insertTrainer" time="0.0" classname="com.astrofitness.testing.Testing">
    <ignored/>
  </testcase> <!-- insertTrainer -->
</testsuite>
