<?xml version="1.0" encoding="UTF-8"?>
<testng-results skipped="0" failed="0" ignored="1" total="2" passed="1">
  <reporter-output>
  </reporter-output>
  <suite name="Default suite" duration-ms="5158" started-at="2018-03-07T23:55:28Z" finished-at="2018-03-07T23:55:33Z">
    <groups>
      <group name="forumDao">
        <method signature="TestForum.getAllForum()[pri:0, instance:com.astrofitness.testng.TestForum@77caeb3e]" name="getAllForum" class="com.astrofitness.testng.TestForum"/>
      </group> <!-- forumDao -->
    </groups>
    <test name="Default test" duration-ms="5158" started-at="2018-03-07T23:55:28Z" finished-at="2018-03-07T23:55:33Z">
      <class name="com.astrofitness.testng.TestForum">
        <test-method status="PASS" signature="getAllForum()[pri:0, instance:com.astrofitness.testng.TestForum@77caeb3e]" name="getAllForum" duration-ms="5092" started-at="2018-03-07T23:55:28Z" finished-at="2018-03-07T23:55:33Z">
          <reporter-output>
          </reporter-output>
        </test-method> <!-- getAllForum -->
      </class> <!-- com.astrofitness.testng.TestForum -->
    </test> <!-- Default test -->
  </suite> <!-- Default suite -->
</testng-results>
