<?xml version="1.0" encoding="UTF-8"?>
<testng-results skipped="0" failed="0" ignored="0" total="3" passed="3">
  <reporter-output>
  </reporter-output>
  <suite name="Default suite" duration-ms="12157" started-at="2018-03-05T21:39:03Z" finished-at="2018-03-05T21:39:15Z">
    <groups>
      <group name="gymDao">
        <method signature="Testing.existsGetAllTrainersFromGym()[pri:0, instance:com.astrofitness.testing.Testing@42e26948]" name="existsGetAllTrainersFromGym" class="com.astrofitness.testing.Testing"/>
        <method signature="Testing.foundTrainerInGym()[pri:0, instance:com.astrofitness.testing.Testing@42e26948]" name="foundTrainerInGym" class="com.astrofitness.testing.Testing"/>
        <method signature="Testing.test2()[pri:0, instance:com.astrofitness.testing.Testing@42e26948]" name="test2" class="com.astrofitness.testing.Testing"/>
      </group> <!-- gymDao -->
    </groups>
    <test name="Default test" duration-ms="12157" started-at="2018-03-05T21:39:03Z" finished-at="2018-03-05T21:39:15Z">
      <class name="com.astrofitness.testing.Testing">
        <test-method status="PASS" signature="beforeSuite()[pri:0, instance:com.astrofitness.testing.Testing@42e26948]" name="beforeSuite" is-config="true" duration-ms="183" started-at="2018-03-05T21:39:02Z" finished-at="2018-03-05T21:39:03Z">
          <reporter-output>
          </reporter-output>
        </test-method> <!-- beforeSuite -->
        <test-method status="PASS" signature="beforeTest()[pri:0, instance:com.astrofitness.testing.Testing@42e26948]" name="beforeTest" is-config="true" duration-ms="2" started-at="2018-03-05T21:39:03Z" finished-at="2018-03-05T21:39:03Z">
          <reporter-output>
          </reporter-output>
        </test-method> <!-- beforeTest -->
        <test-method status="PASS" signature="beforeClass()[pri:0, instance:com.astrofitness.testing.Testing@42e26948]" name="beforeClass" is-config="true" duration-ms="7" started-at="2018-03-05T21:39:03Z" finished-at="2018-03-05T21:39:03Z">
          <reporter-output>
          </reporter-output>
        </test-method> <!-- beforeClass -->
        <test-method status="PASS" signature="beforeMethod()[pri:0, instance:com.astrofitness.testing.Testing@42e26948]" name="beforeMethod" is-config="true" duration-ms="1" started-at="2018-03-05T21:39:03Z" finished-at="2018-03-05T21:39:03Z">
          <reporter-output>
          </reporter-output>
        </test-method> <!-- beforeMethod -->
        <test-method status="PASS" signature="existsGetAllTrainersFromGym()[pri:0, instance:com.astrofitness.testing.Testing@42e26948]" name="existsGetAllTrainersFromGym" duration-ms="12008" started-at="2018-03-05T21:39:03Z" finished-at="2018-03-05T21:39:15Z">
          <reporter-output>
          </reporter-output>
        </test-method> <!-- existsGetAllTrainersFromGym -->
        <test-method status="PASS" signature="afterMethod()[pri:0, instance:com.astrofitness.testing.Testing@42e26948]" name="afterMethod" is-config="true" duration-ms="1" started-at="2018-03-05T21:39:15Z" finished-at="2018-03-05T21:39:15Z">
          <reporter-output>
          </reporter-output>
        </test-method> <!-- afterMethod -->
        <test-method status="PASS" signature="beforeMethod()[pri:0, instance:com.astrofitness.testing.Testing@42e26948]" name="beforeMethod" is-config="true" duration-ms="1" started-at="2018-03-05T21:39:15Z" finished-at="2018-03-05T21:39:15Z">
          <reporter-output>
          </reporter-output>
        </test-method> <!-- beforeMethod -->
        <test-method status="PASS" signature="test2()[pri:0, instance:com.astrofitness.testing.Testing@42e26948]" name="test2" duration-ms="5" started-at="2018-03-05T21:39:15Z" finished-at="2018-03-05T21:39:15Z">
          <reporter-output>
          </reporter-output>
        </test-method> <!-- test2 -->
        <test-method status="PASS" signature="afterMethod()[pri:0, instance:com.astrofitness.testing.Testing@42e26948]" name="afterMethod" is-config="true" duration-ms="2" started-at="2018-03-05T21:39:15Z" finished-at="2018-03-05T21:39:15Z">
          <reporter-output>
          </reporter-output>
        </test-method> <!-- afterMethod -->
        <test-method status="PASS" signature="foundTrainerInGym()[pri:0, instance:com.astrofitness.testing.Testing@42e26948]" name="foundTrainerInGym" duration-ms="38" started-at="2018-03-05T21:39:15Z" depends-on-methods="com.astrofitness.testing.Testing.existsGetAllTrainersFromGym" finished-at="2018-03-05T21:39:15Z">
          <reporter-output>
          </reporter-output>
        </test-method> <!-- foundTrainerInGym -->
        <test-method status="PASS" signature="beforeMethod()[pri:0, instance:com.astrofitness.testing.Testing@42e26948]" name="beforeMethod" is-config="true" duration-ms="0" started-at="2018-03-05T21:39:15Z" finished-at="2018-03-05T21:39:15Z">
          <reporter-output>
          </reporter-output>
        </test-method> <!-- beforeMethod -->
        <test-method status="PASS" signature="afterMethod()[pri:0, instance:com.astrofitness.testing.Testing@42e26948]" name="afterMethod" is-config="true" duration-ms="0" started-at="2018-03-05T21:39:15Z" finished-at="2018-03-05T21:39:15Z">
          <reporter-output>
          </reporter-output>
        </test-method> <!-- afterMethod -->
        <test-method status="PASS" signature="afterClass()[pri:0, instance:com.astrofitness.testing.Testing@42e26948]" name="afterClass" is-config="true" duration-ms="1" started-at="2018-03-05T21:39:15Z" finished-at="2018-03-05T21:39:15Z">
          <reporter-output>
          </reporter-output>
        </test-method> <!-- afterClass -->
        <test-method status="PASS" signature="afterTest()[pri:0, instance:com.astrofitness.testing.Testing@42e26948]" name="afterTest" is-config="true" duration-ms="0" started-at="2018-03-05T21:39:15Z" finished-at="2018-03-05T21:39:15Z">
          <reporter-output>
          </reporter-output>
        </test-method> <!-- afterTest -->
        <test-method status="PASS" signature="afterSuite()[pri:0, instance:com.astrofitness.testing.Testing@42e26948]" name="afterSuite" is-config="true" duration-ms="1" started-at="2018-03-05T21:39:15Z" finished-at="2018-03-05T21:39:15Z">
          <reporter-output>
          </reporter-output>
        </test-method> <!-- afterSuite -->
      </class> <!-- com.astrofitness.testing.Testing -->
    </test> <!-- Default test -->
  </suite> <!-- Default suite -->
</testng-results>
